<?xml version="1.0" encoding="UTF-8" ?>
<testsuite errors="0" skipped="0" tests="1" time="1.023" failures="0" name="org.apache.geronimo.tomcat.ApplicationTest">
  <properties>
    <property value="Java(TM) 2 Runtime Environment, Standard Edition" name="java.runtime.name"/>
    <property value="/System/Library/Frameworks/JavaVM.framework/Versions/1.5.0/Libraries" name="sun.boot.library.path"/>
    <property value="1.5.0_07-87" name="java.vm.version"/>
    <property value="true" name="awt.nativeDoubleBuffering"/>
    <property value="" name="shared.loader"/>
    <property value="/Users/jeffgenender/Projects/gv20/modules/geronimo-tomcat6/target/." name="org.apache.geronimo.home.dir"/>
    <property value="false" name="gopherProxySet"/>
    <property value="&quot;Apple Computer, Inc.&quot;" name="java.vm.vendor"/>
    <property value="http://apple.com/" name="java.vendor.url"/>
    <property value=":" name="path.separator"/>
    <property value="Java HotSpot(TM) Client VM" name="java.vm.name"/>
    <property value="true" name="tomcat.util.buf.StringCache.byte.enabled"/>
    <property value="sun.io" name="file.encoding.pkg"/>
    <property value="US" name="user.country"/>
    <property value="unknown" name="sun.os.patch.level"/>
    <property value="Java Virtual Machine Specification" name="java.vm.specification.name"/>
    <property value="/Users/jeffgenender/Projects/gv20/modules/geronimo-tomcat6/target" name="user.dir"/>
    <property value="1.5.0_07-164" name="java.runtime.version"/>
    <property value="apple.awt.CGraphicsEnvironment" name="java.awt.graphicsenv"/>
    <property value="/Users/jeffgenender/Projects/gv20/modules/geronimo-tomcat6" name="basedir"/>
    <property value="/System/Library/Frameworks/JavaVM.framework/Versions/1.5.0/Home/lib/endorsed" name="java.endorsed.dirs"/>
    <property value="i386" name="os.arch"/>
    <property value="/tmp" name="java.io.tmpdir"/>
    <property value="
" name="line.separator"/>
    <property value="Sun Microsystems Inc." name="java.vm.specification.vendor"/>
    <property value="Mac OS X" name="os.name"/>
    <property value="org/apache/geronimo/test-log4j.properties" name="log4j.configuration"/>
    <property value="MacRoman" name="sun.jnu.encoding"/>
    <property value=".:/Library/Java/Extensions:/System/Library/Java/Extensions:/usr/lib/java" name="java.library.path"/>
    <property value="Java Platform API Specification" name="java.specification.name"/>
    <property value="49.0" name="java.class.version"/>
    <property value="HotSpot Client Compiler" name="sun.management.compiler"/>
    <property value="/Users/jeffgenender/Projects/gv20/modules/geronimo-tomcat6/target/." name="org.apache.geronimo.server.dir"/>
    <property value="10.4.10" name="os.version"/>
    <property value="/Users/jeffgenender" name="user.home"/>
    <property value="America/Denver" name="user.timezone"/>
    <property value="false" name="catalina.useNaming"/>
    <property value="apple.awt.CPrinterJob" name="java.awt.printerjob"/>
    <property value="1.5" name="java.specification.version"/>
    <property value="MacRoman" name="file.encoding"/>
    <property value="/Users/jeffgenender/Projects/gv20/modules/geronimo-tomcat6/target/var/catalina" name="catalina.home"/>
    <property value="jeffgenender" name="user.name"/>
    <property value="/Users/jeffgenender/.m2/repository/org/apache/maven/surefire/surefire-api/2.0/surefire-api-2.0.jar:/Users/jeffgenender/.m2/repository/org/codehaus/plexus/plexus-utils/1.1/plexus-utils-1.1.jar:/Users/jeffgenender/.m2/repository/org/apache/maven/surefire/surefire-booter/2.0/surefire-booter-2.0.jar:/System/Library/Frameworks/JavaVM.framework/Versions/1.5.0/Classes/.compatibility/14compatibility.jar" name="java.class.path"/>
    <property value="sun.,java.,org.apache.catalina.,org.apache.coyote.,org.apache.tomcat.,org.apache.jasper." name="package.definition"/>
    <property value="1.0" name="java.vm.specification.version"/>
    <property value="32" name="sun.arch.data.model"/>
    <property value="/System/Library/Frameworks/JavaVM.framework/Versions/1.5.0/Home" name="java.home"/>
    <property value="Sun Microsystems Inc." name="java.specification.vendor"/>
    <property value="en" name="user.language"/>
    <property value="apple.awt.CToolkit" name="awt.toolkit"/>
    <property value="mixed mode, sharing" name="java.vm.info"/>
    <property value="1.5.0_07" name="java.version"/>
    <property value="/Library/Java/Extensions:/System/Library/Java/Extensions:/System/Library/Frameworks/JavaVM.framework/Versions/1.5.0/Home/lib/ext" name="java.ext.dirs"/>
    <property value="/System/Library/Frameworks/JavaVM.framework/Versions/1.5.0/Classes/classes.jar:/System/Library/Frameworks/JavaVM.framework/Versions/1.5.0/Classes/ui.jar:/System/Library/Frameworks/JavaVM.framework/Versions/1.5.0/Classes/laf.jar:/System/Library/Frameworks/JavaVM.framework/Versions/1.5.0/Classes/sunrsasign.jar:/System/Library/Frameworks/JavaVM.framework/Versions/1.5.0/Classes/jsse.jar:/System/Library/Frameworks/JavaVM.framework/Versions/1.5.0/Classes/jce.jar:/System/Library/Frameworks/JavaVM.framework/Versions/1.5.0/Classes/charsets.jar" name="sun.boot.class.path"/>
    <property value="Apple Computer, Inc." name="java.vendor"/>
    <property value="" name="server.loader"/>
    <property value="/Users/jeffgenender/Projects/gv20/modules/geronimo-tomcat6/target/var/catalina" name="catalina.base"/>
    <property value="/Users/jeffgenender/.m2/repository" name="localRepository"/>
    <property value="/" name="file.separator"/>
    <property value="false" name="geronimo.bootstrap.logging.enabled"/>
    <property value="http://developer.apple.com/java/" name="java.vendor.url.bug"/>
    <property value="${catalina.home}/lib,${catalina.home}/lib/*.jar" name="common.loader"/>
    <property value="little" name="sun.cpu.endian"/>
    <property value="UnicodeLittle" name="sun.io.unicode.encoding"/>
    <property value="1040.1.5.0_07-164" name="mrj.version"/>
    <property value="sun.,org.apache.catalina.,org.apache.coyote.,org.apache.tomcat.,org.apache.jasper.,sun.beans." name="package.access"/>
    <property value="" name="sun.cpu.isalist"/>
  </properties>
  <testcase time="1.005" name="testApplication"/>
</testsuite>